<?xml version="1.0" encoding="UTF-8"?>
<!-- Generated by org.testng.reporters.JUnitReportReporter -->
<testsuite hostname="DESKTOP-RGL4EEL" failures="0" tests="2" name="com.runner.TestRunner" time="4.004" errors="0" timestamp="2023-03-29T12:48:36 EDT" skipped="0">
  <testcase classname="com.runner.TestRunner" name="runScenario" time="2.000"/>
  <system-out/>
  <testcase classname="com.runner.TestRunner" name="runScenario" time="2.004"/>
  <system-out/>
</testsuite> <!-- com.runner.TestRunner -->
